This is pdfTeX, Version 3.141592653-2.6-1.40.29 (MiKTeX 26.1) (preloaded format=pdflatex 2026.3.8)  9 APR 2026 16:55
entering extended mode
 restricted \write18 enabled.
 file:line:error style messages enabled.
 %&-line parsing enabled.
**d:/Users/HungThinh/Documents/HCMUT/BKY3/SoftEng/Assign/report/main.tex
(d:/Users/HungThinh/Documents/HCMUT/BKY3/SoftEng/Assign/report/main.tex
LaTeX2e <2025-11-01>
L3 programming layer <2026-01-19>
(D:\Program Files\MiKTeX\tex/latex/base\article.cls
Document Class: article 2025/01/22 v1.4n Standard LaTeX document class
(D:\Program Files\MiKTeX\tex/latex/base\size10.clo
File: size10.clo 2025/01/22 v1.4n Standard LaTeX file (size option)
)
\c@part=\count275
\c@section=\count276
\c@subsection=\count277
\c@subsubsection=\count278
\c@paragraph=\count279
\c@subparagraph=\count280
\c@figure=\count281
\c@table=\count282
\abovecaptionskip=\skip49
\belowcaptionskip=\skip50
\bibindent=\dimen148
) (D:\Users\HungThinh\AppData\Roaming\MiKTeX\tex/latex/vntex\vietnam.sty
Package: vietnam 2009/07/12 v1.3 support for Vietnamese
 (D:\Program Files\MiKTeX\tex/latex/base\ifthen.sty
Package: ifthen 2024/03/16 v1.1e Standard LaTeX ifthen package (DPC)
) (D:\Program Files\MiKTeX\tex/latex/base\fontenc.sty
Package: fontenc 2025/07/18 v2.1d Standard LaTeX package
 (D:\Users\HungThinh\AppData\Roaming\MiKTeX\tex/latex/vntex\t5enc.def
File: t5enc.def 2006/11/21 v1.4 Vietnamese T5 encoding
Now handling font encoding T5 ...
... processing UTF-8 mapping file for font encoding T5
 (D:\Users\HungThinh\AppData\Roaming\MiKTeX\tex/latex/vntex\t5enc.dfu
File: t5enc.dfu 2006/08/19 v1.1 UTF8 support for Vietnamese
   defining Unicode char U+00AB (decimal 171)
   defining Unicode char U+00BB (decimal 187)
   defining Unicode char U+00C0 (decimal 192)
   defining Unicode char U+00C1 (decimal 193)
   defining Unicode char U+00C2 (decimal 194)
   defining Unicode char U+00C3 (decimal 195)
   defining Unicode char U+00C8 (decimal 200)
   defining Unicode char U+00C9 (decimal 201)
   defining Unicode char U+00CA (decimal 202)
   defining Unicode char U+00CC (decimal 204)
   defining Unicode char U+00CD (decimal 205)
   defining Unicode char U+00D2 (decimal 210)
   defining Unicode char U+00D3 (decimal 211)
   defining Unicode char U+00D4 (decimal 212)
   defining Unicode char U+00D5 (decimal 213)
   defining Unicode char U+00D9 (decimal 217)
   defining Unicode char U+00DA (decimal 218)
   defining Unicode char U+00DD (decimal 221)
   defining Unicode char U+00E0 (decimal 224)
   defining Unicode char U+00E1 (decimal 225)
   defining Unicode char U+00E2 (decimal 226)
   defining Unicode char U+00E3 (decimal 227)
   defining Unicode char U+00E8 (decimal 232)
   defining Unicode char U+00E9 (decimal 233)
   defining Unicode char U+00EA (decimal 234)
   defining Unicode char U+00EC (decimal 236)
   defining Unicode char U+00ED (decimal 237)
   defining Unicode char U+00F2 (decimal 242)
   defining Unicode char U+00F3 (decimal 243)
   defining Unicode char U+00F4 (decimal 244)
   defining Unicode char U+00F5 (decimal 245)
   defining Unicode char U+00F9 (decimal 249)
   defining Unicode char U+00FA (decimal 250)
   defining Unicode char U+00FD (decimal 253)
   defining Unicode char U+0102 (decimal 258)
   defining Unicode char U+0103 (decimal 259)
   defining Unicode char U+0110 (decimal 272)
   defining Unicode char U+0111 (decimal 273)
   defining Unicode char U+0128 (decimal 296)
   defining Unicode char U+0129 (decimal 297)
   defining Unicode char U+0131 (decimal 305)
   defining Unicode char U+0168 (decimal 360)
   defining Unicode char U+0169 (decimal 361)
   defining Unicode char U+01A0 (decimal 416)
   defining Unicode char U+01A1 (decimal 417)
   defining Unicode char U+01AF (decimal 431)
   defining Unicode char U+01B0 (decimal 432)
   defining Unicode char U+1EA0 (decimal 7840)
   defining Unicode char U+1EA1 (decimal 7841)
   defining Unicode char U+1EA2 (decimal 7842)
   defining Unicode char U+1EA3 (decimal 7843)
   defining Unicode char U+1EA4 (decimal 7844)
   defining Unicode char U+1EA5 (decimal 7845)
   defining Unicode char U+1EA6 (decimal 7846)
   defining Unicode char U+1EA7 (decimal 7847)
   defining Unicode char U+1EA8 (decimal 7848)
   defining Unicode char U+1EA9 (decimal 7849)
   defining Unicode char U+1EAA (decimal 7850)
   defining Unicode char U+1EAB (decimal 7851)
   defining Unicode char U+1EAC (decimal 7852)
   defining Unicode char U+1EAD (decimal 7853)
   defining Unicode char U+1EAE (decimal 7854)
   defining Unicode char U+1EAF (decimal 7855)
   defining Unicode char U+1EB0 (decimal 7856)
   defining Unicode char U+1EB1 (decimal 7857)
   defining Unicode char U+1EB2 (decimal 7858)
   defining Unicode char U+1EB3 (decimal 7859)
   defining Unicode char U+1EB4 (decimal 7860)
   defining Unicode char U+1EB5 (decimal 7861)
   defining Unicode char U+1EB6 (decimal 7862)
   defining Unicode char U+1EB7 (decimal 7863)
   defining Unicode char U+1EB8 (decimal 7864)
   defining Unicode char U+1EB9 (decimal 7865)
   defining Unicode char U+1EBA (decimal 7866)
   defining Unicode char U+1EBB (decimal 7867)
   defining Unicode char U+1EBC (decimal 7868)
   defining Unicode char U+1EBD (decimal 7869)
   defining Unicode char U+1EBE (decimal 7870)
   defining Unicode char U+1EBF (decimal 7871)
   defining Unicode char U+1EC0 (decimal 7872)
   defining Unicode char U+1EC1 (decimal 7873)
   defining Unicode char U+1EC2 (decimal 7874)
   defining Unicode char U+1EC3 (decimal 7875)
   defining Unicode char U+1EC4 (decimal 7876)
   defining Unicode char U+1EC5 (decimal 7877)
   defining Unicode char U+1EC6 (decimal 7878)
   defining Unicode char U+1EC7 (decimal 7879)
   defining Unicode char U+1EC8 (decimal 7880)
   defining Unicode char U+1EC9 (decimal 7881)
   defining Unicode char U+1ECA (decimal 7882)
   defining Unicode char U+1ECB (decimal 7883)
   defining Unicode char U+1ECC (decimal 7884)
   defining Unicode char U+1ECD (decimal 7885)
   defining Unicode char U+1ECE (decimal 7886)
   defining Unicode char U+1ECF (decimal 7887)
   defining Unicode char U+1ED0 (decimal 7888)
   defining Unicode char U+1ED1 (decimal 7889)
   defining Unicode char U+1ED2 (decimal 7890)
   defining Unicode char U+1ED3 (decimal 7891)
   defining Unicode char U+1ED4 (decimal 7892)
   defining Unicode char U+1ED5 (decimal 7893)
   defining Unicode char U+1ED6 (decimal 7894)
   defining Unicode char U+1ED7 (decimal 7895)
   defining Unicode char U+1ED8 (decimal 7896)
   defining Unicode char U+1ED9 (decimal 7897)
   defining Unicode char U+1EDA (decimal 7898)
   defining Unicode char U+1EDB (decimal 7899)
   defining Unicode char U+1EDC (decimal 7900)
   defining Unicode char U+1EDD (decimal 7901)
   defining Unicode char U+1EDE (decimal 7902)
   defining Unicode char U+1EDF (decimal 7903)
   defining Unicode char U+1EE0 (decimal 7904)
   defining Unicode char U+1EE1 (decimal 7905)
   defining Unicode char U+1EE2 (decimal 7906)
   defining Unicode char U+1EE3 (decimal 7907)
   defining Unicode char U+1EE4 (decimal 7908)
   defining Unicode char U+1EE5 (decimal 7909)
   defining Unicode char U+1EE6 (decimal 7910)
   defining Unicode char U+1EE7 (decimal 7911)
   defining Unicode char U+1EE8 (decimal 7912)
   defining Unicode char U+1EE9 (decimal 7913)
   defining Unicode char U+1EEA (decimal 7914)
   defining Unicode char U+1EEB (decimal 7915)
   defining Unicode char U+1EEC (decimal 7916)
   defining Unicode char U+1EED (decimal 7917)
   defining Unicode char U+1EEE (decimal 7918)
   defining Unicode char U+1EEF (decimal 7919)
   defining Unicode char U+1EF0 (decimal 7920)
   defining Unicode char U+1EF1 (decimal 7921)
   defining Unicode char U+1EF2 (decimal 7922)
   defining Unicode char U+1EF3 (decimal 7923)
   defining Unicode char U+1EF4 (decimal 7924)
   defining Unicode char U+1EF5 (decimal 7925)
   defining Unicode char U+1EF6 (decimal 7926)
   defining Unicode char U+1EF7 (decimal 7927)
   defining Unicode char U+1EF8 (decimal 7928)
   defining Unicode char U+1EF9 (decimal 7929)
   defining Unicode char U+200C (decimal 8204)
   defining Unicode char U+2013 (decimal 8211)
   defining Unicode char U+2014 (decimal 8212)
   defining Unicode char U+2018 (decimal 8216)
   defining Unicode char U+2019 (decimal 8217)
   defining Unicode char U+201A (decimal 8218)
   defining Unicode char U+201C (decimal 8220)
   defining Unicode char U+201D (decimal 8221)
   defining Unicode char U+201E (decimal 8222)
   defining Unicode char U+2030 (decimal 8240)
   defining Unicode char U+2031 (decimal 8241)
   defining Unicode char U+2039 (decimal 8249)
   defining Unicode char U+203A (decimal 8250)
   defining Unicode char U+2423 (decimal 9251)
))
LaTeX Font Info:    Trying to load font information for T5+cmr on input line 116.
 (D:\Users\HungThinh\AppData\Roaming\MiKTeX\tex/latex/vntex\t5cmr.fd
File: t5cmr.fd 1999/05/25 v2.5h Standard LaTeX font definitions
)) (D:\Program Files\MiKTeX\tex/latex/base\inputenc.sty
Package: inputenc 2024/02/08 v1.3d Input encoding file
\inpenc@prehook=\toks17
\inpenc@posthook=\toks18
) (D:\Users\HungThinh\AppData\Roaming\MiKTeX\tex/latex/vntex\vncaps.tex
File: vncaps.tex 2006/06/07 v1.1 Captions in Vietnamese
)) (D:\Program Files\MiKTeX\tex/latex/amsfonts\amssymb.sty
Package: amssymb 2013/01/14 v3.01 AMS font symbols
 (D:\Program Files\MiKTeX\tex/latex/amsfonts\amsfonts.sty
Package: amsfonts 2013/01/14 v3.01 Basic AMSFonts support
\@emptytoks=\toks19
\symAMSa=\mathgroup4
\symAMSb=\mathgroup5
LaTeX Font Info:    Redeclaring math symbol \hbar on input line 98.
LaTeX Font Info:    Overwriting math alphabet `\mathfrak' in version `bold'
(Font)                  U/euf/m/n --> U/euf/b/n on input line 106.
)) (D:\Users\HungThinh\AppData\Roaming\MiKTeX\tex/latex/gensymb\gensymb.sty
Package: gensymb 2022/10/17 v1.0.2 (KJH)
) (D:\Program Files\MiKTeX\tex/latex/base\textcomp.sty
Package: textcomp 2024/04/24 v2.1b Standard LaTeX package
) (D:\Program Files\MiKTeX\tex/latex/tools\array.sty
Package: array 2025/09/25 v2.6n Tabular extension package (FMi)
\col@sep=\dimen149
\ar@mcellbox=\box53
\extrarowheight=\dimen150
\NC@list=\toks20
\extratabsurround=\skip51
\backup@length=\skip52
\ar@cellbox=\box54
) (D:\Program Files\MiKTeX\tex/latex/tools\multicol.sty
Package: multicol 2025/10/21 v2.0b multicolumn formatting (FMi)
\c@tracingmulticols=\count283
\mult@box=\box55
\multicol@leftmargin=\dimen151
\c@unbalance=\count284
\c@collectmore=\count285
\doublecol@number=\count286
\multicoltolerance=\count287
\multicolpretolerance=\count288
\full@width=\dimen152
\page@free=\dimen153
\premulticols=\dimen154
\postmulticols=\dimen155
\multicolsep=\skip53
\multicolbaselineskip=\skip54
\partial@page=\box56
\last@line=\box57
\mc@boxedresult=\box58
\maxbalancingoverflow=\dimen156
\mult@rightbox=\box59
\mult@grightbox=\box60
\mult@firstbox=\box61
\mult@gfirstbox=\box62
\@tempa=\box63
\@tempa=\box64
\@tempa=\box65
\@tempa=\box66
\@tempa=\box67
\@tempa=\box68
\@tempa=\box69
\@tempa=\box70
\@tempa=\box71
\@tempa=\box72
\@tempa=\box73
\@tempa=\box74
\@tempa=\box75
\@tempa=\box76
\@tempa=\box77
\@tempa=\box78
\@tempa=\box79
\@tempa=\box80
\@tempa=\box81
\@tempa=\box82
\@tempa=\box83
\@tempa=\box84
\@tempa=\box85
\@tempa=\box86
\@tempa=\box87
\@tempa=\box88
\@tempa=\box89
\@tempa=\box90
\@tempa=\box91
\@tempa=\box92
\@tempa=\box93
\@tempa=\box94
\@tempa=\box95
\@tempa=\box96
\@tempa=\box97
\@tempa=\box98
\c@minrows=\count289
\c@columnbadness=\count290
\c@finalcolumnbadness=\count291
\last@try=\dimen157
\multicolovershoot=\dimen158
\multicolundershoot=\dimen159
\mult@nat@firstbox=\box99
\colbreak@box=\box100
\mc@col@check@num=\count292
\g__mc_curr_col_int=\count293
) (D:\Users\HungThinh\AppData\Roaming\MiKTeX\tex/latex/multirow\multirow.sty
Package: multirow 2024/11/12 v2.9 Span multiple rows of a table
\multirow@colwidth=\skip55
\multirow@cntb=\count294
\multirow@dima=\skip56
\bigstrutjot=\dimen160
) (D:\Users\HungThinh\AppData\Roaming\MiKTeX\tex/latex/siunitx\siunitx.sty
Package: siunitx 2026-03-26 v3.5.1 A comprehensive (SI) units package
\l__siunitx_number_uncert_offset_int=\count295
\l__siunitx_number_exponent_fixed_int=\count296
\l__siunitx_number_min_decimal_int=\count297
\l__siunitx_number_min_integer_int=\count298
\l__siunitx_number_round_precision_int=\count299
\l__siunitx_number_lower_threshold_int=\count300
\l__siunitx_number_upper_threshold_int=\count301
\l__siunitx_number_group_first_int=\count302
\l__siunitx_number_group_size_int=\count303
\l__siunitx_number_group_min_int=\count304
\l__siunitx_number_group_minimum_int=\count305
\l__siunitx_compound_count_int=\count306
 (D:\Users\HungThinh\AppData\Roaming\MiKTeX\tex/latex/translations\translations.sty
Package: translations 2022/02/05 v1.12 internationalization of LaTeX2e packages (CN)
 (D:\Program Files\MiKTeX\tex/latex/etoolbox\etoolbox.sty
Package: etoolbox 2025/10/02 v2.5m e-TeX tools for LaTeX (JAW)
\etb@tempcnta=\count307
) (D:\Program Files\MiKTeX\tex/generic/pdftexcmds\pdftexcmds.sty
Package: pdftexcmds 2020-06-27 v0.33 Utility functions of pdfTeX for LuaTeX (HO)
 (D:\Users\HungThinh\AppData\Roaming\MiKTeX\tex/generic/infwarerr\infwarerr.sty
Package: infwarerr 2019/12/03 v1.5 Providing info/warning/error messages (HO)
) (D:\Program Files\MiKTeX\tex/generic/iftex\iftex.sty
Package: iftex 2024/12/12 v1.0g TeX engine tests
) (D:\Users\HungThinh\AppData\Roaming\MiKTeX\tex/generic/ltxcmds\ltxcmds.sty
Package: ltxcmds 2023-12-04 v1.26 LaTeX kernel commands for general use (HO)
)
Package pdftexcmds Info: \pdf@primitive is available.
Package pdftexcmds Info: \pdf@ifprimitive is available.
Package pdftexcmds Info: \pdfdraftmode found.
)) (D:\Program Files\MiKTeX\tex/latex/amsmath\amstext.sty
Package: amstext 2024/11/17 v2.01 AMS text
 (D:\Program Files\MiKTeX\tex/latex/amsmath\amsgen.sty
File: amsgen.sty 1999/11/30 v2.0 generic functions
\@emptytoks=\toks21
\ex@=\dimen161
))
\l__siunitx_table_tmp_box=\box101
\l__siunitx_table_tmp_dim=\dimen162
\l__siunitx_table_column_width_dim=\dimen163
\l__siunitx_table_integer_box=\box102
\l__siunitx_table_decimal_box=\box103
\l__siunitx_table_uncert_box=\box104
\l__siunitx_table_before_box=\box105
\l__siunitx_table_after_box=\box106
\l__siunitx_table_before_dim=\dimen164
\l__siunitx_table_carry_dim=\dimen165
\l__siunitx_unit_tmp_int=\count308
\l__siunitx_unit_position_int=\count309
\l__siunitx_unit_total_int=\count310
\l__siunitx_sexagesimal_tmp_dim=\dimen166
\l__siunitx_sexagesimal_marker_box=\box107
\l__siunitx_sexagesimal_unit_box=\box108
) (D:\Program Files\MiKTeX\tex/latex/tools\tabularx.sty
Package: tabularx 2023/12/11 v2.12a `tabularx' package (DPC)
\TX@col@width=\dimen167
\TX@old@table=\dimen168
\TX@old@col=\dimen169
\TX@target=\dimen170
\TX@delta=\dimen171
\TX@cols=\count311
\TX@ftn=\toks22
) (D:\Program Files\MiKTeX\tex/latex/graphics\graphicx.sty
Package: graphicx 2024/12/31 v1.2e Enhanced LaTeX Graphics (DPC,SPQR)
 (D:\Program Files\MiKTeX\tex/latex/graphics\keyval.sty
Package: keyval 2022/05/29 v1.15 key=value parser (DPC)
\KV@toks@=\toks23
) (D:\Program Files\MiKTeX\tex/latex/graphics\graphics.sty
Package: graphics 2024/08/06 v1.4g Standard LaTeX Graphics (DPC,SPQR)
 (D:\Program Files\MiKTeX\tex/latex/graphics\trig.sty
Package: trig 2023/12/02 v1.11 sin cos tan (DPC)
) (D:\Program Files\MiKTeX\tex/latex/graphics-cfg\graphics.cfg
File: graphics.cfg 2016/06/04 v1.11 sample graphics configuration
)
Package graphics Info: Driver file: pdftex.def on input line 106.
 (D:\Program Files\MiKTeX\tex/latex/graphics-def\pdftex.def
File: pdftex.def 2025/09/29 v1.2d Graphics/color driver for pdftex
))
\Gin@req@height=\dimen172
\Gin@req@width=\dimen173
) (D:\Users\HungThinh\AppData\Roaming\MiKTeX\tex/latex/float\float.sty
Package: float 2001/11/08 v1.3d Float enhancements (AL)
\c@float@type=\count312
\float@exts=\toks24
\float@box=\box109
\@float@everytoks=\toks25
\@floatcapt=\box110
) (D:\Users\HungThinh\AppData\Roaming\MiKTeX\tex/latex/adjustbox\adjustbox.sty
Package: adjustbox 2025/02/26 v1.3c Adjusting TeX boxes (trim, clip, ...)
 (D:\Program Files\MiKTeX\tex/latex/xkeyval\xkeyval.sty
Package: xkeyval 2022/06/16 v2.9 package option processing (HA)
 (D:\Program Files\MiKTeX\tex/generic/xkeyval\xkeyval.tex (D:\Program Files\MiKTeX\tex/generic/xkeyval\xkvutils.tex
\XKV@toks=\toks26
\XKV@tempa@toks=\toks27
)
\XKV@depth=\count313
File: xkeyval.tex 2014/12/03 v2.7a key=value parser (HA)
)) (D:\Users\HungThinh\AppData\Roaming\MiKTeX\tex/latex/adjustbox\adjcalc.sty
Package: adjcalc 2012/05/16 v1.1 Provides advanced setlength with multiple back-ends (calc, etex, pgfmath)
) (D:\Users\HungThinh\AppData\Roaming\MiKTeX\tex/latex/adjustbox\trimclip.sty
Package: trimclip 2025/02/21 v1.2a Trim and clip general TeX material
 (D:\Users\HungThinh\AppData\Roaming\MiKTeX\tex/latex/collectbox\collectbox.sty
Package: collectbox 2022/10/17 v0.4c Collect macro arguments as boxes
\collectedbox=\box111
)
\tc@llx=\dimen174
\tc@lly=\dimen175
\tc@urx=\dimen176
\tc@ury=\dimen177
Package trimclip Info: Using driver 'tc-pdftex.def'.
 (D:\Users\HungThinh\AppData\Roaming\MiKTeX\tex/latex/adjustbox\tc-pdftex.def
File: tc-pdftex.def 2025/02/26 v2.3 Clipping driver for pdftex
))
\adjbox@Width=\dimen178
\adjbox@Height=\dimen179
\adjbox@Depth=\dimen180
\adjbox@Totalheight=\dimen181
\adjbox@pwidth=\dimen182
\adjbox@pheight=\dimen183
\adjbox@pdepth=\dimen184
\adjbox@ptotalheight=\dimen185
 (D:\Users\HungThinh\AppData\Roaming\MiKTeX\tex/latex/ifoddpage\ifoddpage.sty
Package: ifoddpage 2022/10/18 v1.2 Conditionals for odd/even page detection
\c@checkoddpage=\count314
) (D:\Users\HungThinh\AppData\Roaming\MiKTeX\tex/latex/varwidth\varwidth.sty
Package: varwidth 2009/03/30 ver 0.92;  Variable-width minipages
\@vwid@box=\box112
\sift@deathcycles=\count315
\@vwid@loff=\dimen186
\@vwid@roff=\dimen187
)
==> First Aid for varwidth.sty applied!
) (D:\Users\HungThinh\AppData\Roaming\MiKTeX\tex/latex/lipsum\lipsum.sty (D:\Program Files\MiKTeX\tex/latex/l3packages/l3keys2e\l3keys2e.sty (D:\Program Files\MiKTeX\tex/latex/l3kernel\expl3.sty
Package: expl3 2026-01-19 L3 programming layer (loader) 
 (D:\Program Files\MiKTeX\tex/latex/l3backend\l3backend-pdftex.def
File: l3backend-pdftex.def 2025-10-09 L3 backend support: PDF output (pdfTeX)
\l__color_backend_stack_int=\count316
))
Package: l3keys2e 2025-10-09 LaTeX2e option processing using LaTeX3 keys
)
Package: lipsum 2021-09-20 v2.7 150 paragraphs of Lorem Ipsum dummy text
\g__lipsum_par_int=\count317
\l__lipsum_a_int=\count318
\l__lipsum_b_int=\count319
 (D:\Users\HungThinh\AppData\Roaming\MiKTeX\tex/latex/lipsum\lipsum.ltd.tex)) (D:\Program Files\MiKTeX\tex/latex/tools\enumerate.sty
Package: enumerate 2023/07/04 v3.00 enumerate extensions (DPC)
\@enLab=\toks28
) (D:\Program Files\MiKTeX\tex/latex/tools\indentfirst.sty
Package: indentfirst 2023/07/02 v1.03 Indent first paragraph (DPC)
) (D:\Program Files\MiKTeX\tex/latex/amsmath\amsmath.sty
Package: amsmath 2025/07/09 v2.17z AMS math features
\@mathmargin=\skip57

For additional information on amsmath, use the `?' option.
(D:\Program Files\MiKTeX\tex/latex/amsmath\amsbsy.sty
Package: amsbsy 1999/11/29 v1.2d Bold Symbols
\pmbraise@=\dimen188
) (D:\Program Files\MiKTeX\tex/latex/amsmath\amsopn.sty
Package: amsopn 2022/04/08 v2.04 operator names
)
\inf@bad=\count320
LaTeX Info: Redefining \frac on input line 233.
\uproot@=\count321
\leftroot@=\count322
LaTeX Info: Redefining \overline on input line 398.
LaTeX Info: Redefining \colon on input line 409.
\classnum@=\count323
\DOTSCASE@=\count324
LaTeX Info: Redefining \ldots on input line 495.
LaTeX Info: Redefining \dots on input line 498.
LaTeX Info: Redefining \cdots on input line 619.
\Mathstrutbox@=\box113
\strutbox@=\box114
LaTeX Info: Redefining \big on input line 721.
LaTeX Info: Redefining \Big on input line 722.
LaTeX Info: Redefining \bigg on input line 723.
LaTeX Info: Redefining \Bigg on input line 724.
\big@size=\dimen189
LaTeX Font Info:    Redeclaring font encoding OML on input line 742.
LaTeX Font Info:    Redeclaring font encoding OMS on input line 743.
\macc@depth=\count325
LaTeX Info: Redefining \bmod on input line 904.
LaTeX Info: Redefining \pmod on input line 909.
LaTeX Info: Redefining \smash on input line 939.
LaTeX Info: Redefining \relbar on input line 969.
LaTeX Info: Redefining \Relbar on input line 970.
\c@MaxMatrixCols=\count326
\dotsspace@=\muskip17
\c@parentequation=\count327
\dspbrk@lvl=\count328
\tag@help=\toks29
\row@=\count329
\column@=\count330
\maxfields@=\count331
\andhelp@=\toks30
\eqnshift@=\dimen190
\alignsep@=\dimen191
\tagshift@=\dimen192
\tagwidth@=\dimen193
\totwidth@=\dimen194
\lineht@=\dimen195
\@envbody=\toks31
\multlinegap=\skip58
\multlinetaggap=\skip59
\mathdisplay@stack=\toks32
LaTeX Info: Redefining \[ on input line 2950.
LaTeX Info: Redefining \] on input line 2951.
) (D:\Program Files\MiKTeX\tex/latex/listings\listings.sty
\lst@mode=\count332
\lst@gtempboxa=\box115
\lst@token=\toks33
\lst@length=\count333
\lst@currlwidth=\dimen196
\lst@column=\count334
\lst@pos=\count335
\lst@lostspace=\dimen197
\lst@width=\dimen198
\lst@newlines=\count336
\lst@lineno=\count337
\lst@maxwidth=\dimen199
 (D:\Program Files\MiKTeX\tex/latex/listings\lstpatch.sty
File: lstpatch.sty 2025/11/14 1.11b (Carsten Heinz)
) (D:\Program Files\MiKTeX\tex/latex/listings\lstmisc.sty
File: lstmisc.sty 2025/11/14 1.11b (Carsten Heinz)
\c@lstnumber=\count338
\lst@skipnumbers=\count339
\lst@framebox=\box116
) (D:\Program Files\MiKTeX\tex/latex/listings\listings.cfg
File: listings.cfg 2025/11/14 1.11b listings configuration
))
Package: listings 2025/11/14 1.11b (Carsten Heinz)

==> First Aid for listings.sty no longer applied!
    Expected:
        2024/09/23 1.10c (Carsten Heinz)
    but found:
        2025/11/14 1.11b (Carsten Heinz)
    so I'm assuming it got fixed.
(D:\Users\HungThinh\AppData\Roaming\MiKTeX\tex/latex/diagbox\diagbox.sty
Package: diagbox 2020/02/09 v2.3 Making table heads with diagonal lines
 (D:\Users\HungThinh\AppData\Roaming\MiKTeX\tex/latex/pict2e\pict2e.sty
Package: pict2e 2020/09/30 v0.4b Improved picture commands (HjG,RN,JT)
 (D:\Users\HungThinh\AppData\Roaming\MiKTeX\tex/latex/pict2e\pict2e.cfg
File: pict2e.cfg 2016/02/05 v0.1u pict2e configuration for teTeX/TeXLive
)
Package pict2e Info: Driver file: pdftex.def on input line 112.
Package pict2e Info: Driver file for pict2e: p2e-pdftex.def on input line 114.
 (D:\Users\HungThinh\AppData\Roaming\MiKTeX\tex/latex/pict2e\p2e-pdftex.def
File: p2e-pdftex.def 2016/02/05 v0.1u Driver-dependant file (RN,HjG,JT)
)
\pIIe@GRAPH=\toks34
\@arclen=\dimen256
\@arcrad=\dimen257
\pIIe@tempdima=\dimen258
\pIIe@tempdimb=\dimen259
\pIIe@tempdimc=\dimen260
\pIIe@tempdimd=\dimen261
\pIIe@tempdime=\dimen262
\pIIe@tempdimf=\dimen263
) (D:\Program Files\MiKTeX\tex/latex/tools\calc.sty
Package: calc 2025/03/01 v4.3b Infix arithmetic (KKT,FJ)
\calc@Acount=\count340
\calc@Bcount=\count341
\calc@Adimen=\dimen264
\calc@Bdimen=\dimen265
\calc@Askip=\skip60
\calc@Bskip=\skip61
LaTeX Info: Redefining \setlength on input line 86.
LaTeX Info: Redefining \addtolength on input line 87.
\calc@Ccount=\count342
\calc@Cskip=\skip62
)
\diagbox@boxa=\box117
\diagbox@boxb=\box118
\diagbox@boxm=\box119
\diagbox@wd=\dimen266
\diagbox@ht=\dimen267
\diagbox@insepl=\dimen268
\diagbox@insepr=\dimen269
\diagbox@outsepl=\dimen270
\diagbox@outsepr=\dimen271
) (D:\Users\HungThinh\AppData\Roaming\MiKTeX\tex/latex/matlab-prettifier\matlab-prettifier.sty
Package: matlab-prettifier 2014/06/19 v0.3 A package for prettyprinting Matlab source code
 (D:\Program Files\MiKTeX\tex/latex/xcolor\xcolor.sty
Package: xcolor 2024/09/29 v3.02 LaTeX color extensions (UK)
 (D:\Program Files\MiKTeX\tex/latex/graphics-cfg\color.cfg
File: color.cfg 2016/01/02 v1.6 sample color configuration
)
Package xcolor Info: Driver file: pdftex.def on input line 274.
 (D:\Program Files\MiKTeX\tex/latex/graphics\mathcolor.ltx)
Package xcolor Info: Model `cmy' substituted by `cmy0' on input line 1349.
Package xcolor Info: Model `hsb' substituted by `rgb' on input line 1353.
Package xcolor Info: Model `RGB' extended on input line 1365.
Package xcolor Info: Model `HTML' substituted by `rgb' on input line 1367.
Package xcolor Info: Model `Hsb' substituted by `hsb' on input line 1368.
Package xcolor Info: Model `tHsb' substituted by `hsb' on input line 1369.
Package xcolor Info: Model `HSB' substituted by `hsb' on input line 1370.
Package xcolor Info: Model `Gray' substituted by `gray' on input line 1371.
Package xcolor Info: Model `wave' substituted by `hsb' on input line 1372.
)
\netBracketCount@mlpr=\count343
\blkLvl@mlpr=\count344
\blkLvlAtClassdef@mlpr=\count345
\emHeight@mlpr=\skip63
\jayDepth@mlpr=\skip64
\sectionRuleOffset@mlpr=\skip65
\toks@mlpr=\toks35
) (D:\Users\HungThinh\AppData\Roaming\MiKTeX\tex/latex/titlesec\titlesec.sty
Package: titlesec 2025/01/04 v2.17 Sectioning titles
\ttl@box=\box120
\beforetitleunit=\skip66
\aftertitleunit=\skip67
\ttl@plus=\dimen272
\ttl@minus=\dimen273
\ttl@toksa=\toks36
\titlewidth=\dimen274
\titlewidthlast=\dimen275
\titlewidthfirst=\dimen276
) (D:\Users\HungThinh\AppData\Roaming\MiKTeX\tex/latex/caption\caption.sty
Package: caption 2023/08/05 v3.6o Customizing captions (AR)
 (D:\Users\HungThinh\AppData\Roaming\MiKTeX\tex/latex/caption\caption3.sty
Package: caption3 2023/07/31 v2.4d caption3 kernel (AR)
\caption@tempdima=\dimen277
\captionmargin=\dimen278
\caption@leftmargin=\dimen279
\caption@rightmargin=\dimen280
\caption@width=\dimen281
\caption@indent=\dimen282
\caption@parindent=\dimen283
\caption@hangindent=\dimen284
Package caption Info: Standard document class detected.
)
\c@caption@flags=\count346
\c@continuedfloat=\count347
Package caption Info: float package is loaded.
Package caption Info: listings package is loaded.
) (D:\Users\HungThinh\AppData\Roaming\MiKTeX\tex/latex/caption\subcaption.sty
Package: subcaption 2023/07/28 v1.6b Sub-captions (AR)
Package caption Info: New subtype `subfigure' on input line 238.
\c@subfigure=\count348
Package caption Info: New subtype `subtable' on input line 238.
\c@subtable=\count349
) (D:\Program Files\MiKTeX\tex/latex/graphics\rotating.sty
Package: rotating 2025/01/14 v2.16e rotated objects in LaTeX
\c@r@tfl@t=\count350
\rotFPtop=\skip68
\rotFPbot=\skip69
\rot@float@box=\box121
\rot@mess@toks=\toks37
) (D:\Program Files\MiKTeX\tex/latex/pgf/frontendlayer\tikz.sty (D:\Program Files\MiKTeX\tex/latex/pgf/basiclayer\pgf.sty (D:\Program Files\MiKTeX\tex/latex/pgf/utilities\pgfrcs.sty (D:\Program Files\MiKTeX\tex/generic/pgf/utilities\pgfutil-common.tex
\pgfutil@everybye=\toks38
\pgfutil@tempdima=\dimen285
\pgfutil@tempdimb=\dimen286
) (D:\Program Files\MiKTeX\tex/generic/pgf/utilities\pgfutil-latex.def
\pgfutil@abb=\box122
) (D:\Program Files\MiKTeX\tex/generic/pgf/utilities\pgfrcs.code.tex (D:\Program Files\MiKTeX\tex/generic/pgf\pgf.revision.tex)
Package: pgfrcs 2025-08-29 v3.1.11a (3.1.11a)
))
Package: pgf 2025-08-29 v3.1.11a (3.1.11a)
 (D:\Program Files\MiKTeX\tex/latex/pgf/basiclayer\pgfcore.sty (D:\Program Files\MiKTeX\tex/latex/pgf/systemlayer\pgfsys.sty (D:\Program Files\MiKTeX\tex/generic/pgf/systemlayer\pgfsys.code.tex
Package: pgfsys 2025-08-29 v3.1.11a (3.1.11a)
 (D:\Program Files\MiKTeX\tex/generic/pgf/utilities\pgfkeys.code.tex
\pgfkeys@pathtoks=\toks39
\pgfkeys@temptoks=\toks40
 (D:\Program Files\MiKTeX\tex/generic/pgf/utilities\pgfkeyslibraryfiltered.code.tex
\pgfkeys@tmptoks=\toks41
))
\pgf@x=\dimen287
\pgf@y=\dimen288
\pgf@xa=\dimen289
\pgf@ya=\dimen290
\pgf@xb=\dimen291
\pgf@yb=\dimen292
\pgf@xc=\dimen293
\pgf@yc=\dimen294
\pgf@xd=\dimen295
\pgf@yd=\dimen296
\w@pgf@writea=\write3
\r@pgf@reada=\read2
\c@pgf@counta=\count351
\c@pgf@countb=\count352
\c@pgf@countc=\count353
\c@pgf@countd=\count354
\t@pgf@toka=\toks42
\t@pgf@tokb=\toks43
\t@pgf@tokc=\toks44
\pgf@sys@id@count=\count355
 (D:\Program Files\MiKTeX\tex/generic/pgf/systemlayer\pgf.cfg
File: pgf.cfg 2025-08-29 v3.1.11a (3.1.11a)
)
Driver file for pgf: pgfsys-pdftex.def
 (D:\Program Files\MiKTeX\tex/generic/pgf/systemlayer\pgfsys-pdftex.def
File: pgfsys-pdftex.def 2025-08-29 v3.1.11a (3.1.11a)
 (D:\Program Files\MiKTeX\tex/generic/pgf/systemlayer\pgfsys-common-pdf.def
File: pgfsys-common-pdf.def 2025-08-29 v3.1.11a (3.1.11a)
))) (D:\Program Files\MiKTeX\tex/generic/pgf/systemlayer\pgfsyssoftpath.code.tex
File: pgfsyssoftpath.code.tex 2025-08-29 v3.1.11a (3.1.11a)
\pgfsyssoftpath@smallbuffer@items=\count356
\pgfsyssoftpath@bigbuffer@items=\count357
) (D:\Program Files\MiKTeX\tex/generic/pgf/systemlayer\pgfsysprotocol.code.tex
File: pgfsysprotocol.code.tex 2025-08-29 v3.1.11a (3.1.11a)
)) (D:\Program Files\MiKTeX\tex/generic/pgf/basiclayer\pgfcore.code.tex
Package: pgfcore 2025-08-29 v3.1.11a (3.1.11a)
 (D:\Program Files\MiKTeX\tex/generic/pgf/math\pgfmath.code.tex (D:\Program Files\MiKTeX\tex/generic/pgf/math\pgfmathutil.code.tex) (D:\Program Files\MiKTeX\tex/generic/pgf/math\pgfmathparser.code.tex
\pgfmath@dimen=\dimen297
\pgfmath@count=\count358
\pgfmath@box=\box123
\pgfmath@toks=\toks45
\pgfmath@stack@operand=\toks46
\pgfmath@stack@operation=\toks47
) (D:\Program Files\MiKTeX\tex/generic/pgf/math\pgfmathfunctions.code.tex) (D:\Program Files\MiKTeX\tex/generic/pgf/math\pgfmathfunctions.basic.code.tex) (D:\Program Files\MiKTeX\tex/generic/pgf/math\pgfmathfunctions.trigonometric.code.tex) (D:\Program Files\MiKTeX\tex/generic/pgf/math\pgfmathfunctions.random.code.tex) (D:\Program Files\MiKTeX\tex/generic/pgf/math\pgfmathfunctions.comparison.code.tex) (D:\Program Files\MiKTeX\tex/generic/pgf/math\pgfmathfunctions.base.code.tex) (D:\Program Files\MiKTeX\tex/generic/pgf/math\pgfmathfunctions.round.code.tex) (D:\Program Files\MiKTeX\tex/generic/pgf/math\pgfmathfunctions.misc.code.tex) (D:\Program Files\MiKTeX\tex/generic/pgf/math\pgfmathfunctions.integerarithmetics.code.tex) (D:\Program Files\MiKTeX\tex/generic/pgf/math\pgfmathcalc.code.tex) (D:\Program Files\MiKTeX\tex/generic/pgf/math\pgfmathfloat.code.tex
\c@pgfmathroundto@lastzeros=\count359
)) (D:\Program Files\MiKTeX\tex/generic/pgf/math\pgfint.code.tex) (D:\Program Files\MiKTeX\tex/generic/pgf/basiclayer\pgfcorepoints.code.tex
File: pgfcorepoints.code.tex 2025-08-29 v3.1.11a (3.1.11a)
\pgf@picminx=\dimen298
\pgf@picmaxx=\dimen299
\pgf@picminy=\dimen300
\pgf@picmaxy=\dimen301
\pgf@pathminx=\dimen302
\pgf@pathmaxx=\dimen303
\pgf@pathminy=\dimen304
\pgf@pathmaxy=\dimen305
\pgf@xx=\dimen306
\pgf@xy=\dimen307
\pgf@yx=\dimen308
\pgf@yy=\dimen309
\pgf@zx=\dimen310
\pgf@zy=\dimen311
) (D:\Program Files\MiKTeX\tex/generic/pgf/basiclayer\pgfcorepathconstruct.code.tex
File: pgfcorepathconstruct.code.tex 2025-08-29 v3.1.11a (3.1.11a)
\pgf@path@lastx=\dimen312
\pgf@path@lasty=\dimen313
) (D:\Program Files\MiKTeX\tex/generic/pgf/basiclayer\pgfcorepathusage.code.tex
File: pgfcorepathusage.code.tex 2025-08-29 v3.1.11a (3.1.11a)
\pgf@shorten@end@additional=\dimen314
\pgf@shorten@start@additional=\dimen315
) (D:\Program Files\MiKTeX\tex/generic/pgf/basiclayer\pgfcorescopes.code.tex
File: pgfcorescopes.code.tex 2025-08-29 v3.1.11a (3.1.11a)
\pgfpic=\box124
\pgf@hbox=\box125
\pgf@layerbox@main=\box126
\pgf@picture@serial@count=\count360
) (D:\Program Files\MiKTeX\tex/generic/pgf/basiclayer\pgfcoregraphicstate.code.tex
File: pgfcoregraphicstate.code.tex 2025-08-29 v3.1.11a (3.1.11a)
\pgflinewidth=\dimen316
) (D:\Program Files\MiKTeX\tex/generic/pgf/basiclayer\pgfcoretransformations.code.tex
File: pgfcoretransformations.code.tex 2025-08-29 v3.1.11a (3.1.11a)
\pgf@pt@x=\dimen317
\pgf@pt@y=\dimen318
\pgf@pt@temp=\dimen319
) (D:\Program Files\MiKTeX\tex/generic/pgf/basiclayer\pgfcorequick.code.tex
File: pgfcorequick.code.tex 2025-08-29 v3.1.11a (3.1.11a)
) (D:\Program Files\MiKTeX\tex/generic/pgf/basiclayer\pgfcoreobjects.code.tex
File: pgfcoreobjects.code.tex 2025-08-29 v3.1.11a (3.1.11a)
) (D:\Program Files\MiKTeX\tex/generic/pgf/basiclayer\pgfcorepathprocessing.code.tex
File: pgfcorepathprocessing.code.tex 2025-08-29 v3.1.11a (3.1.11a)
) (D:\Program Files\MiKTeX\tex/generic/pgf/basiclayer\pgfcorearrows.code.tex
File: pgfcorearrows.code.tex 2025-08-29 v3.1.11a (3.1.11a)
\pgfarrowsep=\dimen320
) (D:\Program Files\MiKTeX\tex/generic/pgf/basiclayer\pgfcoreshade.code.tex
File: pgfcoreshade.code.tex 2025-08-29 v3.1.11a (3.1.11a)
\pgf@max=\dimen321
\pgf@sys@shading@range@num=\count361
\pgf@shadingcount=\count362
) (D:\Program Files\MiKTeX\tex/generic/pgf/basiclayer\pgfcoreimage.code.tex
File: pgfcoreimage.code.tex 2025-08-29 v3.1.11a (3.1.11a)
) (D:\Program Files\MiKTeX\tex/generic/pgf/basiclayer\pgfcoreexternal.code.tex
File: pgfcoreexternal.code.tex 2025-08-29 v3.1.11a (3.1.11a)
\pgfexternal@startupbox=\box127
) (D:\Program Files\MiKTeX\tex/generic/pgf/basiclayer\pgfcorelayers.code.tex
File: pgfcorelayers.code.tex 2025-08-29 v3.1.11a (3.1.11a)
) (D:\Program Files\MiKTeX\tex/generic/pgf/basiclayer\pgfcoretransparency.code.tex
File: pgfcoretransparency.code.tex 2025-08-29 v3.1.11a (3.1.11a)
) (D:\Program Files\MiKTeX\tex/generic/pgf/basiclayer\pgfcorepatterns.code.tex
File: pgfcorepatterns.code.tex 2025-08-29 v3.1.11a (3.1.11a)
) (D:\Program Files\MiKTeX\tex/generic/pgf/basiclayer\pgfcorerdf.code.tex
File: pgfcorerdf.code.tex 2025-08-29 v3.1.11a (3.1.11a)
))) (D:\Program Files\MiKTeX\tex/generic/pgf/modules\pgfmoduleshapes.code.tex
File: pgfmoduleshapes.code.tex 2025-08-29 v3.1.11a (3.1.11a)
\pgfnodeparttextbox=\box128
) (D:\Program Files\MiKTeX\tex/generic/pgf/modules\pgfmoduleplot.code.tex
File: pgfmoduleplot.code.tex 2025-08-29 v3.1.11a (3.1.11a)
) (D:\Program Files\MiKTeX\tex/latex/pgf/compatibility\pgfcomp-version-0-65.sty
Package: pgfcomp-version-0-65 2025-08-29 v3.1.11a (3.1.11a)
\pgf@nodesepstart=\dimen322
\pgf@nodesepend=\dimen323
) (D:\Program Files\MiKTeX\tex/latex/pgf/compatibility\pgfcomp-version-1-18.sty
Package: pgfcomp-version-1-18 2025-08-29 v3.1.11a (3.1.11a)
)) (D:\Program Files\MiKTeX\tex/latex/pgf/utilities\pgffor.sty (D:\Program Files\MiKTeX\tex/latex/pgf/utilities\pgfkeys.sty (D:\Program Files\MiKTeX\tex/generic/pgf/utilities\pgfkeys.code.tex)) (D:\Program Files\MiKTeX\tex/latex/pgf/math\pgfmath.sty (D:\Program Files\MiKTeX\tex/generic/pgf/math\pgfmath.code.tex)) (D:\Program Files\MiKTeX\tex/generic/pgf/utilities\pgffor.code.tex
Package: pgffor 2025-08-29 v3.1.11a (3.1.11a)
\pgffor@iter=\dimen324
\pgffor@skip=\dimen325
\pgffor@stack=\toks48
\pgffor@toks=\toks49
)) (D:\Program Files\MiKTeX\tex/generic/pgf/frontendlayer/tikz\tikz.code.tex
Package: tikz 2025-08-29 v3.1.11a (3.1.11a)
 (D:\Program Files\MiKTeX\tex/generic/pgf/libraries\pgflibraryplothandlers.code.tex
File: pgflibraryplothandlers.code.tex 2025-08-29 v3.1.11a (3.1.11a)
\pgf@plot@mark@count=\count363
\pgfplotmarksize=\dimen326
)
\tikz@lastx=\dimen327
\tikz@lasty=\dimen328
\tikz@lastxsaved=\dimen329
\tikz@lastysaved=\dimen330
\tikz@lastmovetox=\dimen331
\tikz@lastmovetoy=\dimen332
\tikzleveldistance=\dimen333
\tikzsiblingdistance=\dimen334
\tikz@figbox=\box129
\tikz@figbox@bg=\box130
\tikz@tempbox=\box131
\tikz@tempbox@bg=\box132
\tikztreelevel=\count364
\tikznumberofchildren=\count365
\tikznumberofcurrentchild=\count366
\tikz@fig@count=\count367
 (D:\Program Files\MiKTeX\tex/generic/pgf/modules\pgfmodulematrix.code.tex
File: pgfmodulematrix.code.tex 2025-08-29 v3.1.11a (3.1.11a)
\pgfmatrixcurrentrow=\count368
\pgfmatrixcurrentcolumn=\count369
\pgf@matrix@numberofcolumns=\count370
)
\tikz@expandcount=\count371
 (D:\Program Files\MiKTeX\tex/generic/pgf/frontendlayer/tikz/libraries\tikzlibrarytopaths.code.tex
File: tikzlibrarytopaths.code.tex 2025-08-29 v3.1.11a (3.1.11a)
))) (D:\Program Files\MiKTeX\tex/latex/hyperref\hyperref.sty
Package: hyperref 2026-01-29 v7.01p Hypertext links for LaTeX
 (D:\Users\HungThinh\AppData\Roaming\MiKTeX\tex/latex/kvsetkeys\kvsetkeys.sty
Package: kvsetkeys 2022-10-05 v1.19 Key value parser (HO)
) (D:\Users\HungThinh\AppData\Roaming\MiKTeX\tex/generic/kvdefinekeys\kvdefinekeys.sty
Package: kvdefinekeys 2019-12-19 v1.6 Define keys (HO)
) (D:\Users\HungThinh\AppData\Roaming\MiKTeX\tex/generic/pdfescape\pdfescape.sty
Package: pdfescape 2019/12/09 v1.15 Implements pdfTeX's escape features (HO)
) (D:\Users\HungThinh\AppData\Roaming\MiKTeX\tex/latex/hycolor\hycolor.sty
Package: hycolor 2020-01-27 v1.10 Color options for hyperref/bookmark (HO)
) (D:\Program Files\MiKTeX\tex/latex/hyperref\nameref.sty
Package: nameref 2026-01-29 v2.58 Cross-referencing by name of section
 (D:\Users\HungThinh\AppData\Roaming\MiKTeX\tex/latex/refcount\refcount.sty
Package: refcount 2019/12/15 v3.6 Data extraction from label references (HO)
) (D:\Users\HungThinh\AppData\Roaming\MiKTeX\tex/generic/gettitlestring\gettitlestring.sty
Package: gettitlestring 2019/12/15 v1.6 Cleanup title references (HO)
 (D:\Users\HungThinh\AppData\Roaming\MiKTeX\tex/latex/kvoptions\kvoptions.sty
Package: kvoptions 2022-06-15 v3.15 Key value format for package options (HO)
))
\c@section@level=\count372
) (D:\Users\HungThinh\AppData\Roaming\MiKTeX\tex/generic/stringenc\stringenc.sty
Package: stringenc 2019/11/29 v1.12 Convert strings between diff. encodings (HO)
)
\@linkdim=\dimen335
\Hy@linkcounter=\count373
\Hy@pagecounter=\count374
 (D:\Program Files\MiKTeX\tex/latex/hyperref\pd1enc.def
File: pd1enc.def 2026-01-29 v7.01p Hyperref: PDFDocEncoding definition (HO)
Now handling font encoding PD1 ...
... no UTF-8 mapping file for font encoding PD1
) (D:\Users\HungThinh\AppData\Roaming\MiKTeX\tex/generic/intcalc\intcalc.sty
Package: intcalc 2019/12/15 v1.3 Expandable calculations with integers (HO)
)
\Hy@SavedSpaceFactor=\count375
 (D:\Program Files\MiKTeX\tex/latex/hyperref\puenc.def
File: puenc.def 2026-01-29 v7.01p Hyperref: PDF Unicode definition (HO)
Now handling font encoding PU ...
... no UTF-8 mapping file for font encoding PU
)
Package hyperref Info: Option `colorlinks' set `true' on input line 4072.
Package hyperref Info: Hyper figures OFF on input line 4201.
Package hyperref Info: Link nesting OFF on input line 4206.
Package hyperref Info: Hyper index ON on input line 4209.
Package hyperref Info: Plain pages OFF on input line 4216.
Package hyperref Info: Backreferencing OFF on input line 4221.
Package hyperref Info: Implicit mode ON; LaTeX internals redefined.
Package hyperref Info: Bookmarks ON on input line 4468.
\c@Hy@tempcnt=\count376
 (D:\Program Files\MiKTeX\tex/latex/url\url.sty
\Urlmuskip=\muskip18
Package: url 2013/09/16  ver 3.4  Verb mode for urls, etc.
)
LaTeX Info: Redefining \url on input line 4807.
\XeTeXLinkMargin=\dimen336
 (D:\Users\HungThinh\AppData\Roaming\MiKTeX\tex/generic/bitset\bitset.sty
Package: bitset 2019/12/09 v1.3 Handle bit-vector datatype (HO)
 (D:\Users\HungThinh\AppData\Roaming\MiKTeX\tex/generic/bigintcalc\bigintcalc.sty
Package: bigintcalc 2019/12/15 v1.5 Expandable calculations on big integers (HO)
))
\Fld@menulength=\count377
\Field@Width=\dimen337
\Fld@charsize=\dimen338
Package hyperref Info: Hyper figures OFF on input line 6084.
Package hyperref Info: Link nesting OFF on input line 6089.
Package hyperref Info: Hyper index ON on input line 6092.
Package hyperref Info: backreferencing OFF on input line 6099.
Package hyperref Info: Link coloring ON on input line 6102.
Package hyperref Info: Link coloring with OCG OFF on input line 6109.
Package hyperref Info: PDF/A mode OFF on input line 6114.
\Hy@abspage=\count378
\c@Item=\count379
\c@Hfootnote=\count380
)
Package hyperref Info: Driver (autodetected): hpdftex.
 (D:\Program Files\MiKTeX\tex/latex/hyperref\hpdftex.def
File: hpdftex.def 2026-01-29 v7.01p Hyperref driver for pdfTeX
\Fld@listcount=\count381
\c@bookmark@seq@number=\count382
 (D:\Users\HungThinh\AppData\Roaming\MiKTeX\tex/latex/rerunfilecheck\rerunfilecheck.sty
Package: rerunfilecheck 2025-06-21 v1.11 Rerun checks for auxiliary files (HO)
 (D:\Users\HungThinh\AppData\Roaming\MiKTeX\tex/generic/uniquecounter\uniquecounter.sty
Package: uniquecounter 2019/12/15 v1.4 Provide unlimited unique counter (HO)
)
Package uniquecounter Info: New unique counter `rerunfilecheck' on input line 284.
)
\Hy@SectionHShift=\skip70
) (D:\Users\HungThinh\AppData\Roaming\MiKTeX\tex/latex/enumitem\enumitem.sty
Package: enumitem 2025/02/06 v3.11 Customized lists
\labelindent=\skip71
\enit@outerparindent=\dimen339
\enit@toks=\toks50
\enit@inbox=\box133
\enit@count@id=\count383
\enitdp@description=\count384
) (D:\Users\HungThinh\AppData\Roaming\MiKTeX\tex/latex/geometry\geometry.sty
Package: geometry 2020/01/02 v5.9 Page Geometry
 (D:\Program Files\MiKTeX\tex/generic/iftex\ifvtex.sty
Package: ifvtex 2019/10/25 v1.7 ifvtex legacy package. Use iftex instead.
)
\Gm@cnth=\count385
\Gm@cntv=\count386
\c@Gm@tempcnt=\count387
\Gm@bindingoffset=\dimen340
\Gm@wd@mp=\dimen341
\Gm@odd@mp=\dimen342
\Gm@even@mp=\dimen343
\Gm@layoutwidth=\dimen344
\Gm@layoutheight=\dimen345
\Gm@layouthoffset=\dimen346
\Gm@layoutvoffset=\dimen347
\Gm@dimlist=\toks51
 (D:\Users\HungThinh\AppData\Roaming\MiKTeX\tex/latex/geometry\geometry.cfg)) (D:\Users\HungThinh\AppData\Roaming\MiKTeX\tex/latex/koma-script\scrextend.sty
Package: scrextend 2026/02/02 v3.49.2 KOMA-Script package (extend other classes with features of KOMA-Script classes)
 (D:\Users\HungThinh\AppData\Roaming\MiKTeX\tex/latex/koma-script\scrkbase.sty
Package: scrkbase 2026/02/02 v3.49.2 KOMA-Script package (KOMA-Script-dependent basics and keyval usage)
 (D:\Users\HungThinh\AppData\Roaming\MiKTeX\tex/latex/koma-script\scrbase.sty
Package: scrbase 2026/02/02 v3.49.2 KOMA-Script package (KOMA-Script-independent basics and keyval usage)
 (D:\Users\HungThinh\AppData\Roaming\MiKTeX\tex/latex/koma-script\scrlfile.sty
Package: scrlfile 2026/02/02 v3.49.2 KOMA-Script package (file load hooks)
 (D:\Users\HungThinh\AppData\Roaming\MiKTeX\tex/latex/koma-script\scrlfile-hook.sty
Package: scrlfile-hook 2026/02/02 v3.49.2 KOMA-Script package (using LaTeX hooks)
 (D:\Users\HungThinh\AppData\Roaming\MiKTeX\tex/latex/koma-script\scrlogo.sty
Package: scrlogo 2026/02/02 v3.49.2 KOMA-Script package (logo)
)))
Applying: [2021/05/01] Usage of raw or classic option list on input line 254.
Already applied: [0000/00/00] Usage of raw or classic option list on input line 370.
))

LaTeX Warning: Command \@footnotemark  has changed.
               Check if current package is valid.

) (D:\Users\HungThinh\AppData\Roaming\MiKTeX\tex/latex/algorithm2e\algorithm2e.sty
Package: algorithm2e 2017/07/18 v5.2 algorithms environments
\c@AlgoLine=\count388
\algocf@hangindent=\skip72
 (D:\Program Files\MiKTeX\tex/latex/tools\xspace.sty
Package: xspace 2014/10/28 v1.13 Space after command names (DPC,MH)
) (D:\Users\HungThinh\AppData\Roaming\MiKTeX\tex/latex/relsize\relsize.sty
Package: relsize 2013/03/29 ver 4.1
)
\skiptotal=\skip73
\skiplinenumber=\skip74
\skiprule=\skip75
\skiphlne=\skip76
\skiptext=\skip77
\skiplength=\skip78
\algomargin=\skip79
\skipalgocfslide=\skip80
\algowidth=\dimen348
\inoutsize=\dimen349
\inoutindent=\dimen350
\interspacetitleruled=\dimen351
\interspacealgoruled=\dimen352
\interspacetitleboxruled=\dimen353
\algocf@ruledwidth=\skip81
\algocf@inoutbox=\box134
\algocf@inputbox=\box135
\AlCapSkip=\skip82
\AlCapHSkip=\skip83
\algoskipindent=\skip84
\algocf@nlbox=\box136
\algocf@hangingbox=\box137
\algocf@untilbox=\box138
\algocf@skipuntil=\skip85
\algocf@capbox=\box139
\algocf@lcaptionbox=\skip86
\algoheightruledefault=\skip87
\algoheightrule=\skip88
\algotitleheightruledefault=\skip89
\algotitleheightrule=\skip90
\c@algocfline=\count389
\c@algocfproc=\count390
\c@algocf=\count391
\algocf@algoframe=\box140
\algocf@algobox=\box141
) (D:\Program Files\MiKTeX\tex/latex/ragged2e\ragged2e.sty
Package: ragged2e 2023/06/22 v3.6 ragged2e Package
\CenteringLeftskip=\skip91
\RaggedLeftLeftskip=\skip92
\RaggedRightLeftskip=\skip93
\CenteringRightskip=\skip94
\RaggedLeftRightskip=\skip95
\RaggedRightRightskip=\skip96
\CenteringParfillskip=\skip97
\RaggedLeftParfillskip=\skip98
\RaggedRightParfillskip=\skip99
\JustifyingParfillskip=\skip100
\CenteringParindent=\skip101
\RaggedLeftParindent=\skip102
\RaggedRightParindent=\skip103
\JustifyingParindent=\skip104
) (D:\Users\HungThinh\AppData\Roaming\MiKTeX\tex/latex/minted\minted.sty
Package: minted 2026/03/03 v3.8.0 Yet another Pygments shim for LaTeX
 (D:\Users\HungThinh\AppData\Roaming\MiKTeX\tex/generic/catchfile\catchfile.sty
Package: catchfile 2019/12/09 v1.8 Catch the contents of a file (HO)
 (D:\Users\HungThinh\AppData\Roaming\MiKTeX\tex/generic/etexcmds\etexcmds.sty
Package: etexcmds 2019/12/15 v1.7 Avoid name clashes with e-TeX commands (HO)
)) (D:\Users\HungThinh\AppData\Roaming\MiKTeX\tex/latex/fvextra\fvextra.sty
Package: fvextra 2026/02/25 v1.14.0 fvextra - extensions and patches for fancyvrb
 (D:\Users\HungThinh\AppData\Roaming\MiKTeX\tex/latex/fancyvrb\fancyvrb.sty
Package: fancyvrb 2025/07/28 4.6 verbatim text (tvz,hv)
\FV@CodeLineNo=\count392
\FV@InFile=\read3
\FV@TabBox=\box142
\c@FancyVerbLine=\count393
\FV@StepNumber=\count394
\FV@OutFile=\write4
) (D:\Users\HungThinh\AppData\Roaming\MiKTeX\tex/latex/upquote\upquote.sty
Package: upquote 2012/04/19 v1.3 upright-quote and grave-accent glyphs in verbatim
) (D:\Users\HungThinh\AppData\Roaming\MiKTeX\tex/latex/lineno\lineno.sty
Package: lineno 2026/03/08 line numbers on paragraphs v5.9
\linenopenalty=\count395
\output=\toks52
\linenoprevgraf=\count396
\linenumbersep=\dimen354
\linenumberwidth=\dimen355
\c@linenumber=\count397
\c@pagewiselinenumber=\count398
\c@LN@truepage=\count399
\c@internallinenumber=\count400
\c@internallinenumbers=\count401
\quotelinenumbersep=\dimen356
\bframerule=\dimen357
\bframesep=\dimen358
\bframebox=\box143
\@LN@amsmath@ams@eqpen=\count402
)
\c@FancyVerbWriteLine=\count403
\c@FancyVerbBufferLine=\count404
\c@FV@TrueTabGroupLevel=\count405
\c@FV@TrueTabCounter=\count406
\FV@TabBox@Group=\box144
\FV@bgcolorstructbox=\box145
\FV@TmpLength=\skip105
\c@FV@HighlightLinesStart=\count407
\c@FV@HighlightLinesStop=\count408
\FV@LoopCount=\count409
\FV@NCharsBox=\box146
\FV@BreakIndent=\dimen359
\FV@BreakIndentNChars=\count410
\FV@BreakSymbolSepLeft=\dimen360
\FV@BreakSymbolSepLeftNChars=\count411
\FV@BreakSymbolSepRight=\dimen361
\FV@BreakSymbolSepRightNChars=\count412
\FV@BreakSymbolIndentLeft=\dimen362
\FV@BreakSymbolIndentLeftNChars=\count413
\FV@BreakSymbolIndentRight=\dimen363
\FV@BreakSymbolIndentRightNChars=\count414
\c@FancyVerbLineBreakLast=\count415
\FV@LineBox=\box147
\FV@LineIndentBox=\box148
\c@FV@BreakBufferDepth=\count416
\FV@LineWidth=\dimen364
) (D:\Users\HungThinh\AppData\Roaming\MiKTeX\tex/latex/latex2pydata\latex2pydata.sty
Package: latex2pydata 2026/02/25 v0.7.0 latex2pydata - write data to file in Python literal format
) (D:\Users\HungThinh\AppData\Roaming\MiKTeX\tex/latex/pgfopts\pgfopts.sty
Package: pgfopts 2014/07/10 v2.1a LaTeX package options with pgfkeys
\pgfopts@list@add@a@toks=\toks53
\pgfopts@list@add@b@toks=\toks54
) (D:\Program Files\MiKTeX\tex/latex/tools\shellesc.sty
Package: shellesc 2023/07/08 v1.0d unified shell escape interface for LaTeX
Package shellesc Info: Restricted shell escape enabled on input line 77.
)
\c@minted@FancyVerbLineTemp=\count417
\@float@every@listing=\toks55
\c@listing=\count418
) (D:\Users\HungThinh\AppData\Roaming\MiKTeX\tex/latex/lastpage\lastpage.sty
Package: lastpage 2025/08/14 v2.1h lastpage: 2.09 or 2e? (HMM)
 (D:\Users\HungThinh\AppData\Roaming\MiKTeX\tex/latex/lastpage\lastpage2e.sty
Package: lastpage2e 2025/08/14 v2.1h Decide which 2e lastpage version to use (HMM)
 (D:\Users\HungThinh\AppData\Roaming\MiKTeX\tex/latex/lastpage\lastpagemodern.sty
Package: lastpagemodern 2025-08-14 v2.1h Refers to last page's name (HMM; JPG)
\c@lastpagecount=\count419
) 
)) (D:\Users\HungThinh\AppData\Roaming\MiKTeX\tex/latex/fancyhdr\fancyhdr.sty
Package: fancyhdr 2025/02/07 v5.2 Extensive control of page headers and footers
\f@nch@headwidth=\skip106
\f@nch@offset@elh=\skip107
\f@nch@offset@erh=\skip108
\f@nch@offset@olh=\skip109
\f@nch@offset@orh=\skip110
\f@nch@offset@elf=\skip111
\f@nch@offset@erf=\skip112
\f@nch@offset@olf=\skip113
\f@nch@offset@orf=\skip114
\f@nch@height=\skip115
\f@nch@footalignment=\skip116
\f@nch@widthL=\skip117
\f@nch@widthC=\skip118
\f@nch@widthR=\skip119
\@temptokenb=\toks56
) (D:\Users\HungThinh\AppData\Roaming\MiKTeX\tex/latex/tkz-tab\tkz-tab.sty
Package: tkz-tab 2020/04/29 v2.12c variations (ctan version)
 (D:\Program Files\MiKTeX\tex/generic/pgf/frontendlayer/tikz/libraries\tikzlibraryarrows.code.tex
File: tikzlibraryarrows.code.tex 2025-08-29 v3.1.11a (3.1.11a)
 (D:\Program Files\MiKTeX\tex/generic/pgf/libraries\pgflibraryarrows.code.tex
File: pgflibraryarrows.code.tex 2025-08-29 v3.1.11a (3.1.11a)
\arrowsize=\dimen365
)) (D:\Program Files\MiKTeX\tex/generic/pgf/frontendlayer/tikz/libraries\tikzlibrarypatterns.code.tex
File: tikzlibrarypatterns.code.tex 2025-08-29 v3.1.11a (3.1.11a)
 (D:\Program Files\MiKTeX\tex/generic/pgf/libraries\pgflibrarypatterns.code.tex
File: pgflibrarypatterns.code.tex 2025-08-29 v3.1.11a (3.1.11a)
))
\tkz@XF=\dimen366
\tkz@YF=\dimen367
\c@tkz@cnt@line=\count420
\c@tkz@cnt@lg=\count421
\c@tkz@cnt@cl=\count422
\c@tkz@cnt@pred=\count423
\c@tkz@cnt@temp=\count424
\c@tkz@cnt@arrow=\count425
\c@tkz@cnt@zone=\count426
\c@tkz@cnt@lgnext=\count427
\c@tkz@cnt@clnext=\count428
\c@tkz@cnt@pair=\count429
\c@tkz@cnt@impair=\count430
\c@tkz@cnt@aw=\count431
) (D:\Program Files\MiKTeX\tex/generic/pgf/frontendlayer/tikz/libraries\tikzlibraryshapes.geometric.code.tex
File: tikzlibraryshapes.geometric.code.tex 2025-08-29 v3.1.11a (3.1.11a)
 (D:\Program Files\MiKTeX\tex/generic/pgf/libraries/shapes\pgflibraryshapes.geometric.code.tex
File: pgflibraryshapes.geometric.code.tex 2025-08-29 v3.1.11a (3.1.11a)
)) (D:\Users\HungThinh\AppData\Roaming\MiKTeX\tex/latex/mdframed\mdframed.sty
Package: mdframed 2013/07/01 1.9b: mdframed
 (D:\Program Files\MiKTeX\tex/latex/l3packages/xparse\xparse.sty
Package: xparse 2025-10-09 L3 Experimental document command parser
) (D:\Users\HungThinh\AppData\Roaming\MiKTeX\tex/latex/zref\zref-abspage.sty
Package: zref-abspage 2026-03-07 v2.37 Module abspage for zref (HO)
 (D:\Users\HungThinh\AppData\Roaming\MiKTeX\tex/latex/zref\zref-base.sty
Package: zref-base 2026-03-07 v2.37 Module base for zref (HO)
 (D:\Users\HungThinh\AppData\Roaming\MiKTeX\tex/latex/auxhook\auxhook.sty
Package: auxhook 2019-12-17 v1.6 Hooks for auxiliary files (HO)
)
Package zref Info: New property list: main on input line 767.
Package zref Info: New property: default on input line 768.
Package zref Info: New property: page on input line 769.
)
\c@abspage=\count432
Package zref Info: New property: abspage on input line 67.
) (D:\Users\HungThinh\AppData\Roaming\MiKTeX\tex/latex/needspace\needspace.sty
Package: needspace 2025/03/13 v1.3e reserve vertical space
)
\mdf@templength=\skip120
\c@mdf@globalstyle@cnt=\count433
\mdf@skipabove@length=\skip121
\mdf@skipbelow@length=\skip122
\mdf@leftmargin@length=\skip123
\mdf@rightmargin@length=\skip124
\mdf@innerleftmargin@length=\skip125
\mdf@innerrightmargin@length=\skip126
\mdf@innertopmargin@length=\skip127
\mdf@innerbottommargin@length=\skip128
\mdf@splittopskip@length=\skip129
\mdf@splitbottomskip@length=\skip130
\mdf@outermargin@length=\skip131
\mdf@innermargin@length=\skip132
\mdf@linewidth@length=\skip133
\mdf@innerlinewidth@length=\skip134
\mdf@middlelinewidth@length=\skip135
\mdf@outerlinewidth@length=\skip136
\mdf@roundcorner@length=\skip137
\mdf@footenotedistance@length=\skip138
\mdf@userdefinedwidth@length=\skip139
\mdf@needspace@length=\skip140
\mdf@frametitleaboveskip@length=\skip141
\mdf@frametitlebelowskip@length=\skip142
\mdf@frametitlerulewidth@length=\skip143
\mdf@frametitleleftmargin@length=\skip144
\mdf@frametitlerightmargin@length=\skip145
\mdf@shadowsize@length=\skip146
\mdf@extratopheight@length=\skip147
\mdf@subtitleabovelinewidth@length=\skip148
\mdf@subtitlebelowlinewidth@length=\skip149
\mdf@subtitleaboveskip@length=\skip150
\mdf@subtitlebelowskip@length=\skip151
\mdf@subtitleinneraboveskip@length=\skip152
\mdf@subtitleinnerbelowskip@length=\skip153
\mdf@subsubtitleabovelinewidth@length=\skip154
\mdf@subsubtitlebelowlinewidth@length=\skip155
\mdf@subsubtitleaboveskip@length=\skip156
\mdf@subsubtitlebelowskip@length=\skip157
\mdf@subsubtitleinneraboveskip@length=\skip158
\mdf@subsubtitleinnerbelowskip@length=\skip159
 (D:\Users\HungThinh\AppData\Roaming\MiKTeX\tex/latex/mdframed\md-frame-1.mdf
File: md-frame-1.mdf 2013/07/01\ 1.9b: md-frame-1
)
\mdf@frametitlebox=\box149
\mdf@footnotebox=\box150
\mdf@splitbox@one=\box151
\mdf@splitbox@two=\box152
\mdf@splitbox@save=\box153
\mdfsplitboxwidth=\skip160
\mdfsplitboxtotalwidth=\skip161
\mdfsplitboxheight=\skip162
\mdfsplitboxdepth=\skip163
\mdfsplitboxtotalheight=\skip164
\mdfframetitleboxwidth=\skip165
\mdfframetitleboxtotalwidth=\skip166
\mdfframetitleboxheight=\skip167
\mdfframetitleboxdepth=\skip168
\mdfframetitleboxtotalheight=\skip169
\mdffootnoteboxwidth=\skip170
\mdffootnoteboxtotalwidth=\skip171
\mdffootnoteboxheight=\skip172
\mdffootnoteboxdepth=\skip173
\mdffootnoteboxtotalheight=\skip174
\mdftotallinewidth=\skip175
\mdfboundingboxwidth=\skip176
\mdfboundingboxtotalwidth=\skip177
\mdfboundingboxheight=\skip178
\mdfboundingboxdepth=\skip179
\mdfboundingboxtotalheight=\skip180
\mdf@freevspace@length=\skip181
\mdf@horizontalwidthofbox@length=\skip182
\mdf@verticalmarginwhole@length=\skip183
\mdf@horizontalspaceofbox=\skip184
\mdfsubtitleheight=\skip185
\mdfsubsubtitleheight=\skip186
\c@mdfcountframes=\count434

****** mdframed patching \endmdf@trivlist

****** -- success******

\mdf@envdepth=\count435
\c@mdf@env@i=\count436
\c@mdf@env@ii=\count437
\c@mdf@zref@counter=\count438
Package zref Info: New property: mdf@pagevalue on input line 895.
) (D:\Users\HungThinh\AppData\Roaming\MiKTeX\tex/latex/amscls\amsthm.sty
Package: amsthm 2020/05/29 v2.20.6
\thm@style=\toks57
\thm@bodyfont=\toks58
\thm@headfont=\toks59
\thm@notefont=\toks60
\thm@headpunct=\toks61
\thm@preskip=\skip187
\thm@postskip=\skip188
\thm@headsep=\skip189
\dth@everypar=\toks62
) (D:\Users\HungThinh\AppData\Roaming\MiKTeX\tex/latex/xurl\xurl.sty
Package: xurl 2022/01/09 v 0.10 modify URL breaks
) (D:\Users\HungThinh\AppData\Roaming\MiKTeX\tex/latex/commath\commath.sty) (D:\Users\HungThinh\AppData\Roaming\MiKTeX\tex/latex/framed\framed.sty
Package: framed 2011/10/22 v 0.96: framed or shaded text with page breaks
\OuterFrameSep=\skip190
\fb@frw=\dimen368
\fb@frh=\dimen369
\FrameRule=\dimen370
\FrameSep=\dimen371
) (D:\Users\HungThinh\AppData\Roaming\MiKTeX\tex/latex/booktabs\booktabs.sty
Package: booktabs 2020/01/12 v1.61803398 Publication quality tables
\heavyrulewidth=\dimen372
\lightrulewidth=\dimen373
\cmidrulewidth=\dimen374
\belowrulesep=\dimen375
\belowbottomsep=\dimen376
\aboverulesep=\dimen377
\abovetopsep=\dimen378
\cmidrulesep=\dimen379
\cmidrulekern=\dimen380
\defaultaddspace=\dimen381
\@cmidla=\count439
\@cmidlb=\count440
\@aboverulesep=\dimen382
\@belowrulesep=\dimen383
\@thisruleclass=\count441
\@lastruleclass=\count442
\@thisrulewidth=\dimen384
) (D:\Program Files\MiKTeX\tex/latex/listings\lstlang1.sty
File: lstlang1.sty 2025/11/14 1.11b listings language file
) (D:\Program Files\MiKTeX\tex/latex/listings\lstmisc.sty
File: lstmisc.sty 2025/11/14 1.11b (Carsten Heinz)
) (D:\Users\HungThinh\AppData\Roaming\MiKTeX\tex/latex/anyfontsize\anyfontsize.sty
Package: anyfontsize 2007/11/22 anyfontsize.sty by pts
)
Package translations Info: No language package found. I am going to use `english' as default language. on input line 119.


LaTeX Warning: Unused global option(s):
    [13pt].

(main.aux (content/coverpage.aux) (content/overview/overview.aux) (content/overview/objectives_scope.aux) (content/overview/stakeholders.aux) (content/requirements.aux) (content/use_case/ovr.aux) (content/use_case/mem_io.aux) (content/use_case/guest_io.aux) (content/use_case/mem_pay.aux) (content/use_case/guest_pay.aux) (content/use_case/ad_pri+iot.aux) (content/use_case/spec_occ.aux))
\openout1 = `main.aux'.

LaTeX Font Info:    Checking defaults for OML/cmm/m/it on input line 119.
LaTeX Font Info:    ... okay on input line 119.
LaTeX Font Info:    Checking defaults for OMS/cmsy/m/n on input line 119.
LaTeX Font Info:    ... okay on input line 119.
LaTeX Font Info:    Checking defaults for OT1/cmr/m/n on input line 119.
LaTeX Font Info:    ... okay on input line 119.
LaTeX Font Info:    Checking defaults for T1/cmr/m/n on input line 119.
LaTeX Font Info:    ... okay on input line 119.
LaTeX Font Info:    Checking defaults for TS1/cmr/m/n on input line 119.
LaTeX Font Info:    ... okay on input line 119.
LaTeX Font Info:    Checking defaults for OMX/cmex/m/n on input line 119.
LaTeX Font Info:    ... okay on input line 119.
LaTeX Font Info:    Checking defaults for U/cmr/m/n on input line 119.
LaTeX Font Info:    ... okay on input line 119.
LaTeX Font Info:    Checking defaults for T5/cmr/m/n on input line 119.
LaTeX Font Info:    ... okay on input line 119.
LaTeX Font Info:    Checking defaults for PD1/pdf/m/n on input line 119.
LaTeX Font Info:    ... okay on input line 119.
LaTeX Font Info:    Checking defaults for PU/pdf/m/n on input line 119.
LaTeX Font Info:    ... okay on input line 119.
\symgns@font=\mathgroup6
LaTeX Font Info:    Overwriting symbol font `gns@font' in version `bold'
(Font)                  TS1/cmr/m/n --> TS1/cmr/b/n on input line 119.
Package gensymb Info: Math companion symbols declared on input line 119.
LaTeX Info: Redefining \degree on input line 119.
LaTeX Info: Redefining \celsius on input line 119.
Package gensymb Info: Using text companion symbols for \degree, \celsius and \perthousand on input line 119.
LaTeX Info: Redefining \ohm on input line 119.
Package gensymb Info: Using \textohm for \ohm on input line 119.
Package gensymb Info: Using \textmu for \micro on input line 119.
 (D:\Users\HungThinh\AppData\Roaming\MiKTeX\tex/latex/translations/dicts\translations-basic-dictionary-english.trsl
File: translations-basic-dictionary-english.trsl (english translation file `translations-basic-dictionary')
)
Package translations Info: loading dictionary `translations-basic-dictionary' for `english'. on input line 119.
 (D:\Program Files\MiKTeX\tex/context/base/mkii\supp-pdf.mkii
[Loading MPS to PDF converter (version 2006.09.02).]
\scratchcounter=\count443
\scratchdimen=\dimen385
\scratchbox=\box154
\nofMPsegments=\count444
\nofMParguments=\count445
\everyMPshowfont=\toks63
\MPscratchCnt=\count446
\MPscratchDim=\dimen386
\MPnumerator=\count447
\makeMPintoPDFobject=\count448
\everyMPtoPDFconversion=\toks64
) (D:\Program Files\MiKTeX\tex/latex/epstopdf-pkg\epstopdf-base.sty
Package: epstopdf-base 2020-01-24 v2.11 Base part for package epstopdf
Package epstopdf-base Info: Redefining graphics rule for `.eps' on input line 485.
 (D:\Program Files\MiKTeX\tex/latex/00miktex\epstopdf-sys.cfg
File: epstopdf-sys.cfg 2021/03/18 v2.0 Configuration of epstopdf for MiKTeX
))
\c@lstlisting=\count449
Package caption Info: Begin \AtBeginDocument code.
Package caption Info: hyperref package is loaded.
Package caption Info: rotating package is loaded.
Package caption Info: scrextend package is loaded.
\caption@addmargin@hsize=\dimen387
\caption@addmargin@linewidth=\dimen388
Package caption Info: End \AtBeginDocument code.
Package hyperref Info: Link coloring ON on input line 119.
 (main.out) (main.out)
\@outlinefile=\write5
\openout5 = `main.out'.


*geometry* driver: auto-detecting
*geometry* detected driver: pdftex
*geometry* verbose mode - [ preamble ] result:
* driver: pdftex
* paper: a4paper
* layout: <same size as paper>
* layoutoffset:(h,v)=(0.0pt,0.0pt)
* modes: 
* h-part:(L,W,R)=(65.44142pt, 475.16095pt, 56.9055pt)
* v-part:(T,H,B)=(56.9055pt, 717.00946pt, 71.13188pt)
* \paperwidth=597.50787pt
* \paperheight=845.04684pt
* \textwidth=475.16095pt
* \textheight=717.00946pt
* \oddsidemargin=-6.82857pt
* \evensidemargin=-6.82857pt
* \topmargin=-52.36449pt
* \headheight=38.2pt
* \headsep=20.0pt
* \topskip=10.0pt
* \footskip=30.0pt
* \marginparwidth=57.0pt
* \marginparsep=11.0pt
* \columnsep=10.0pt
* \skip\footins=17.25pt plus 7.66585pt minus 3.83415pt
* \hoffset=0.0pt
* \voffset=0.0pt
* \mag=1000
* \@twocolumnfalse
* \@twosidefalse
* \@mparswitchfalse
* \@reversemarginfalse
* (1in=72.27pt=25.4mm, 1cm=28.453pt)

\openout2 = `content/coverpage.aux'.

(content/coverpage.tex
<picture/logobk.png, id=82, 845.0772pt x 597.6729pt>
File: picture/logobk.png Graphic file (type png)
<use picture/logobk.png>
Package pdftex.def Info: picture/logobk.png  used on input line 27.
(pdftex.def)             Requested size: 253.52512pt x 179.30325pt.
LaTeX Font Info:    Calculating math sizes for size <11.86258> on input line 49.
LaTeX Font Info:    Trying to load font information for U+msa on input line 49.
 (D:\Program Files\MiKTeX\tex/latex/amsfonts\umsa.fd
File: umsa.fd 2013/01/14 v3.01 AMS symbols A
)
LaTeX Font Info:    Trying to load font information for U+msb on input line 49.
 (D:\Program Files\MiKTeX\tex/latex/amsfonts\umsb.fd
File: umsb.fd 2013/01/14 v3.01 AMS symbols B
) [1


{C:/Users/HungThinh/AppData/Local/MiKTeX/fonts/map/pdftex/pdftex.map} <./picture/logobk.png>]) (main.toc
LaTeX Font Info:    Calculating math sizes for size <13> on input line 2.
)
\tf@toc=\write6
\openout6 = `main.toc'.

File: picture/logobk.png Graphic file (type png)
<use picture/logobk.png>
Package pdftex.def Info: picture/logobk.png  used on input line 124.
(pdftex.def)             Requested size: 24.74516pt x 24.75098pt.
LaTeX Font Info:    Trying to load font information for T5+cmtt on input line 124.
 (D:\Users\HungThinh\AppData\Roaming\MiKTeX\tex/latex/vntex\t5cmtt.fd
File: t5cmtt.fd 1999/05/25 v2.5h Standard LaTeX font definitions
)
LaTeX Font Info:    Font shape `T5/cmtt/bx/n' in size <13> not available
(Font)              Font shape `T5/cmtt/m/n' tried instead on input line 124.

pdfTeX warning (ext4): destination with the same identifier (name{page.1}) has been already used, duplicate ignored
<to be read again> 
                   \relax 
l.124 \include{content/overview/overview}
                                          [1


]
\openout2 = `content/overview/overview.aux'.

 (content/overview/overview.tex)
File: picture/logobk.png Graphic file (type png)
<use picture/logobk.png>
Package pdftex.def Info: picture/logobk.png  used on input line 124.
(pdftex.def)             Requested size: 24.74516pt x 24.75098pt.
 [2

]
\openout2 = `content/overview/objectives_scope.aux'.

 (content/overview/objectives_scope.tex)
File: picture/logobk.png Graphic file (type png)
<use picture/logobk.png>
Package pdftex.def Info: picture/logobk.png  used on input line 125.
(pdftex.def)             Requested size: 24.74516pt x 24.75098pt.
 [3



]
\openout2 = `content/overview/stakeholders.aux'.

 (content/overview/stakeholders.tex)
File: picture/logobk.png Graphic file (type png)
<use picture/logobk.png>
Package pdftex.def Info: picture/logobk.png  used on input line 126.
(pdftex.def)             Requested size: 24.74516pt x 24.75098pt.
 [4



]
\openout2 = `content/requirements.aux'.

 (content/requirements.tex
File: picture/logobk.png Graphic file (type png)
<use picture/logobk.png>
Package pdftex.def Info: picture/logobk.png  used on input line 28.
(pdftex.def)             Requested size: 24.74516pt x 24.75098pt.
 [5



])
File: picture/logobk.png Graphic file (type png)
<use picture/logobk.png>
Package pdftex.def Info: picture/logobk.png  used on input line 129.
(pdftex.def)             Requested size: 24.74516pt x 24.75098pt.
 [6]
\openout2 = `content/use_case/ovr.aux'.

 (content/use_case/ovr.tex
<picture/use_case_ovr.jpg, id=148, 2569.6pt x 2569.6pt>
File: picture/use_case_ovr.jpg Graphic file (type jpg)
<use picture/use_case_ovr.jpg>
Package pdftex.def Info: picture/use_case_ovr.jpg  used on input line 5.
(pdftex.def)             Requested size: 475.16095pt x 475.13332pt.
)
File: picture/logobk.png Graphic file (type png)
<use picture/logobk.png>
Package pdftex.def Info: picture/logobk.png  used on input line 132.
(pdftex.def)             Requested size: 24.74516pt x 24.75098pt.
 [7



 <./picture/use_case_ovr.jpg>]
\openout2 = `content/use_case/mem_io.aux'.

 (content/use_case/mem_io.tex
Underfull \hbox (badness 10000) in paragraph at lines 10--10
[]|\T5/cmr/m/n/11.86258 Cˇc th nh vi¶n tr÷íng HC-MUT, HC-MUT_SSO (Phö), HC-
 []

)
File: picture/logobk.png Graphic file (type png)
<use picture/logobk.png>
Package pdftex.def Info: picture/logobk.png  used on input line 133.
(pdftex.def)             Requested size: 24.74516pt x 24.75098pt.
 [8



]
File: picture/logobk.png Graphic file (type png)
<use picture/logobk.png>
Package pdftex.def Info: picture/logobk.png  used on input line 133.
(pdftex.def)             Requested size: 24.74516pt x 24.75098pt.
 [9]
\openout2 = `content/use_case/guest_io.aux'.

 (content/use_case/guest_io.tex)
File: picture/logobk.png Graphic file (type png)
<use picture/logobk.png>
Package pdftex.def Info: picture/logobk.png  used on input line 134.
(pdftex.def)             Requested size: 24.74516pt x 24.75098pt.
 [10



]
File: picture/logobk.png Graphic file (type png)
<use picture/logobk.png>
Package pdftex.def Info: picture/logobk.png  used on input line 134.
(pdftex.def)             Requested size: 24.74516pt x 24.75098pt.
 [11]
\openout2 = `content/use_case/mem_pay.aux'.

 (content/use_case/mem_pay.tex)
File: picture/logobk.png Graphic file (type png)
<use picture/logobk.png>
Package pdftex.def Info: picture/logobk.png  used on input line 135.
(pdftex.def)             Requested size: 24.74516pt x 24.75098pt.
 [12



]
File: picture/logobk.png Graphic file (type png)
<use picture/logobk.png>
Package pdftex.def Info: picture/logobk.png  used on input line 135.
(pdftex.def)             Requested size: 24.74516pt x 24.75098pt.
 [13]
\openout2 = `content/use_case/guest_pay.aux'.

 (content/use_case/guest_pay.tex)
File: picture/logobk.png Graphic file (type png)
<use picture/logobk.png>
Package pdftex.def Info: picture/logobk.png  used on input line 136.
(pdftex.def)             Requested size: 24.74516pt x 24.75098pt.
 [14



]
File: picture/logobk.png Graphic file (type png)
<use picture/logobk.png>
Package pdftex.def Info: picture/logobk.png  used on input line 136.
(pdftex.def)             Requested size: 24.74516pt x 24.75098pt.
 [15]
\openout2 = `content/use_case/ad_pri+iot.aux'.

 (content/use_case/ad_pri+iot.tex)
File: picture/logobk.png Graphic file (type png)
<use picture/logobk.png>
Package pdftex.def Info: picture/logobk.png  used on input line 137.
(pdftex.def)             Requested size: 24.74516pt x 24.75098pt.
 [16



]
File: picture/logobk.png Graphic file (type png)
<use picture/logobk.png>
Package pdftex.def Info: picture/logobk.png  used on input line 137.
(pdftex.def)             Requested size: 24.74516pt x 24.75098pt.
 [17]
\openout2 = `content/use_case/spec_occ.aux'.

 (content/use_case/spec_occ.tex
File: picture/logobk.png Graphic file (type png)
<use picture/logobk.png>
Package pdftex.def Info: picture/logobk.png  used on input line 45.
(pdftex.def)             Requested size: 24.74516pt x 24.75098pt.
 [18



]
File: picture/logobk.png Graphic file (type png)
<use picture/logobk.png>
Package pdftex.def Info: picture/logobk.png  used on input line 68.
(pdftex.def)             Requested size: 24.74516pt x 24.75098pt.
 [19]
File: picture/logobk.png Graphic file (type png)
<use picture/logobk.png>
Package pdftex.def Info: picture/logobk.png  used on input line 90.
(pdftex.def)             Requested size: 24.74516pt x 24.75098pt.
 [20]
File: picture/logobk.png Graphic file (type png)
<use picture/logobk.png>
Package pdftex.def Info: picture/logobk.png  used on input line 124.
(pdftex.def)             Requested size: 24.74516pt x 24.75098pt.
 [21]
File: picture/logobk.png Graphic file (type png)
<use picture/logobk.png>
Package pdftex.def Info: picture/logobk.png  used on input line 145.
(pdftex.def)             Requested size: 24.74516pt x 24.75098pt.
 [22])
File: picture/logobk.png Graphic file (type png)
<use picture/logobk.png>
Package pdftex.def Info: picture/logobk.png  used on input line 138.
(pdftex.def)             Requested size: 24.74516pt x 24.75098pt.
 [23]
runsystem(latexminted cleantemp  --timestamp 20260409165535 FAD58DE7366495DB4650CFEFAC2FCD61)...disabled (restricted).

 
enddocument/afterlastpage (AED): lastpage setting LastPage.
(main.aux (content/coverpage.aux) (content/overview/overview.aux) (content/overview/objectives_scope.aux) (content/overview/stakeholders.aux) (content/requirements.aux) (content/use_case/ovr.aux) (content/use_case/mem_io.aux) (content/use_case/guest_io.aux) (content/use_case/mem_pay.aux) (content/use_case/guest_pay.aux) (content/use_case/ad_pri+iot.aux) (content/use_case/spec_occ.aux))
 ***********
LaTeX2e <2025-11-01>
L3 programming layer <2026-01-19>
 ***********
Package rerunfilecheck Info: File `main.out' has not changed.
(rerunfilecheck)             Checksum: 534550B5EFD778C466B9DC9CFBC115A9;4686.
 ) 
Here is how much of TeX's memory you used:
 40888 strings out of 467866
 856687 string characters out of 5428381
 1642242 words of memory out of 5000000
 68956 multiletter control sequences out of 15000+600000
 657461 words of font info for 103 fonts, out of 8000000 for 9000
 1141 hyphenation exceptions out of 8191
 108i,24n,117p,1292b,1098s stack positions out of 10000i,1000n,20000p,200000b,200000s
 <C:\Users\HungThinh\AppData\Local\MiKTeX\fonts/pk/ljfour/jknappen/ec/dpi593\tcrm1200.pk><D:/Program Files/MiKTeX/fonts/type1/public/amsfonts/cm/cmsy10.pfb><D:/Users/HungThinh/AppData/Roaming/MiKTeX/fonts/type1/vntex/vnr/vnbx12.pfb><D:/Users/HungThinh/AppData/Roaming/MiKTeX/fonts/type1/vntex/vnr/vnbxti10.pfb><D:/Users/HungThinh/AppData/Roaming/MiKTeX/fonts/type1/vntex/vnr/vnr12.pfb><D:/Users/HungThinh/AppData/Roaming/MiKTeX/fonts/type1/vntex/vnr/vnti12.pfb><D:/Users/HungThinh/AppData/Roaming/MiKTeX/fonts/type1/vntex/vnr/vntt10.pfb><D:/Users/HungThinh/AppData/Roaming/MiKTeX/fonts/type1/vntex/vnr/vntt12.pfb>
Output written on main.pdf (24 pages, 851767 bytes).
PDF statistics:
 301 PDF objects out of 1000 (max. 8388607)
 60 named destinations out of 1000 (max. 500000)
 175 words of extra memory for PDF output out of 10000 (max. 10000000)

